Connecting to database specified by database.yml


Started GET "/clients" for 127.0.0.1 at 2012-09-11 15:16:22 -0300

ActionController::RoutingError (No route matches [GET] "/clients"):
  actionpack (3.2.8) lib/action_dispatch/middleware/debug_exceptions.rb:21:in `call'
  actionpack (3.2.8) lib/action_dispatch/middleware/show_exceptions.rb:56:in `call'
  railties (3.2.8) lib/rails/rack/logger.rb:26:in `call_app'
  railties (3.2.8) lib/rails/rack/logger.rb:16:in `call'
  actionpack (3.2.8) lib/action_dispatch/middleware/request_id.rb:22:in `call'
  rack (1.4.1) lib/rack/methodoverride.rb:21:in `call'
  rack (1.4.1) lib/rack/runtime.rb:17:in `call'
  activesupport (3.2.8) lib/active_support/cache/strategy/local_cache.rb:72:in `call'
  rack (1.4.1) lib/rack/lock.rb:15:in `call'
  actionpack (3.2.8) lib/action_dispatch/middleware/static.rb:62:in `call'
  railties (3.2.8) lib/rails/engine.rb:479:in `call'
  railties (3.2.8) lib/rails/application.rb:223:in `call'
  rack (1.4.1) lib/rack/content_length.rb:14:in `call'
  railties (3.2.8) lib/rails/rack/log_tailer.rb:17:in `call'
  thin (1.4.1) lib/thin/connection.rb:80:in `block in pre_process'
  thin (1.4.1) lib/thin/connection.rb:78:in `catch'
  thin (1.4.1) lib/thin/connection.rb:78:in `pre_process'
  thin (1.4.1) lib/thin/connection.rb:53:in `process'
  thin (1.4.1) lib/thin/connection.rb:38:in `receive_data'
  eventmachine (0.12.10) lib/eventmachine.rb:256:in `run_machine'
  eventmachine (0.12.10) lib/eventmachine.rb:256:in `run'
  thin (1.4.1) lib/thin/backends/base.rb:63:in `start'
  thin (1.4.1) lib/thin/server.rb:159:in `start'
  rack (1.4.1) lib/rack/handler/thin.rb:13:in `run'
  rack (1.4.1) lib/rack/server.rb:265:in `start'
  railties (3.2.8) lib/rails/commands/server.rb:70:in `start'
  railties (3.2.8) lib/rails/commands.rb:55:in `block in <top (required)>'
  railties (3.2.8) lib/rails/commands.rb:50:in `tap'
  railties (3.2.8) lib/rails/commands.rb:50:in `<top (required)>'
  script/rails:6:in `require'
  script/rails:6:in `<main>'


  Rendered /home/gmarcone/.rvm/gems/ruby-1.9.3-p194@pis/gems/actionpack-3.2.8/lib/action_dispatch/middleware/templates/rescues/routing_error.erb within rescues/layout (2.7ms)
Connecting to database specified by database.yml


Started GET "/clients" for 127.0.0.1 at 2012-09-11 15:18:18 -0300
Processing by ClientsController#index as HTML
  [1m[36mClient Load (111.9ms)[0m  [1mSELECT `csm_clients`.* FROM `csm_clients` [0m
  Rendered clients/index.html.erb within layouts/application (2.1ms)
Compiled bootstrap_and_overrides.css  (510ms)  (pid 13758)
Compiled clients.css  (56ms)  (pid 13758)
Compiled login.css  (1ms)  (pid 13758)
Compiled scaffolds.css  (9ms)  (pid 13758)
Compiled application.css  (650ms)  (pid 13758)
Compiled jquery.js  (7ms)  (pid 13758)
Compiled jquery_ujs.js  (0ms)  (pid 13758)
Compiled twitter/bootstrap/bootstrap-transition.js  (0ms)  (pid 13758)
Compiled twitter/bootstrap/bootstrap-alert.js  (0ms)  (pid 13758)
Compiled twitter/bootstrap/bootstrap-modal.js  (0ms)  (pid 13758)
Compiled twitter/bootstrap/bootstrap-dropdown.js  (0ms)  (pid 13758)
Compiled twitter/bootstrap/bootstrap-scrollspy.js  (0ms)  (pid 13758)
Compiled twitter/bootstrap/bootstrap-tab.js  (0ms)  (pid 13758)
Compiled twitter/bootstrap/bootstrap-tooltip.js  (0ms)  (pid 13758)
Compiled twitter/bootstrap/bootstrap-popover.js  (0ms)  (pid 13758)
Compiled twitter/bootstrap/bootstrap-button.js  (0ms)  (pid 13758)
Compiled twitter/bootstrap/bootstrap-collapse.js  (0ms)  (pid 13758)
Compiled twitter/bootstrap/bootstrap-carousel.js  (0ms)  (pid 13758)
Compiled twitter/bootstrap/bootstrap-typeahead.js  (0ms)  (pid 13758)
Compiled twitter/bootstrap/bootstrap-affix.js  (0ms)  (pid 13758)
Compiled twitter/bootstrap.js  (223ms)  (pid 13758)
Compiled bootstrap.js  (73ms)  (pid 13758)
Compiled clients.js  (0ms)  (pid 13758)
Compiled login.js  (0ms)  (pid 13758)
Compiled application.js  (447ms)  (pid 13758)
Mysql2::Error: Table 'customer_satisfaction_manager.users' doesn't exist: SHOW FULL FIELDS FROM `users`
Completed 500 Internal Server Error in 1417ms

ActionView::Template::Error (Mysql2::Error: Table 'customer_satisfaction_manager.users' doesn't exist: SHOW FULL FIELDS FROM `users`):
    23:                 </ul>
    24:             </div><!-- /.nav -->
    25:             <div class="nav pull-right">
    26:                 <% if user_signed_in? %>
    27:                     <ul class="nav">
    28:                         <li>
    29:                           <a href="#"><%= current_user.first_name %></a>
  app/views/layouts/application.html.erb:26:in `_app_views_layouts_application_html_erb__751486694_81830850'


  Rendered /home/gmarcone/.rvm/gems/ruby-1.9.3-p194@pis/gems/actionpack-3.2.8/lib/action_dispatch/middleware/templates/rescues/_trace.erb (22.6ms)
  Rendered /home/gmarcone/.rvm/gems/ruby-1.9.3-p194@pis/gems/actionpack-3.2.8/lib/action_dispatch/middleware/templates/rescues/_request_and_response.erb (0.8ms)
  Rendered /home/gmarcone/.rvm/gems/ruby-1.9.3-p194@pis/gems/actionpack-3.2.8/lib/action_dispatch/middleware/templates/rescues/template_error.erb within rescues/layout (29.7ms)
Connecting to database specified by database.yml


Started GET "/clients" for 127.0.0.1 at 2012-09-11 15:19:32 -0300
Processing by ClientsController#index as HTML
  [1m[36mClient Load (0.2ms)[0m  [1mSELECT `csm_clients`.* FROM `csm_clients` [0m
  Rendered clients/index.html.erb within layouts/application (2.1ms)
Completed 200 OK in 133ms (Views: 80.6ms | ActiveRecord: 50.1ms)


Started GET "/assets/application.css?body=1" for 127.0.0.1 at 2012-09-11 15:19:32 -0300
Served asset /application.css - 200 OK (7ms)


Started GET "/assets/bootstrap_and_overrides.css?body=1" for 127.0.0.1 at 2012-09-11 15:19:32 -0300
Served asset /bootstrap_and_overrides.css - 200 OK (2ms)


Started GET "/assets/clients.css?body=1" for 127.0.0.1 at 2012-09-11 15:19:32 -0300
Served asset /clients.css - 200 OK (1ms)


Started GET "/assets/login.css?body=1" for 127.0.0.1 at 2012-09-11 15:19:32 -0300
Served asset /login.css - 200 OK (1ms)


Started GET "/assets/scaffolds.css?body=1" for 127.0.0.1 at 2012-09-11 15:19:32 -0300
Served asset /scaffolds.css - 200 OK (1ms)


Started GET "/assets/jquery.js?body=1" for 127.0.0.1 at 2012-09-11 15:19:32 -0300
Served asset /jquery.js - 200 OK (2ms)


Started GET "/assets/jquery_ujs.js?body=1" for 127.0.0.1 at 2012-09-11 15:19:32 -0300
Served asset /jquery_ujs.js - 200 OK (1ms)


Started GET "/assets/twitter/bootstrap/bootstrap-transition.js?body=1" for 127.0.0.1 at 2012-09-11 15:19:32 -0300
Served asset /twitter/bootstrap/bootstrap-transition.js - 200 OK (4ms)


Started GET "/assets/twitter/bootstrap/bootstrap-tab.js?body=1" for 127.0.0.1 at 2012-09-11 15:19:32 -0300
Served asset /twitter/bootstrap/bootstrap-tab.js - 200 OK (3ms)


Started GET "/assets/twitter/bootstrap/bootstrap-alert.js?body=1" for 127.0.0.1 at 2012-09-11 15:19:32 -0300
Served asset /twitter/bootstrap/bootstrap-alert.js - 200 OK (2ms)


Started GET "/assets/twitter/bootstrap/bootstrap-modal.js?body=1" for 127.0.0.1 at 2012-09-11 15:19:32 -0300
Served asset /twitter/bootstrap/bootstrap-modal.js - 200 OK (2ms)


Started GET "/assets/twitter/bootstrap/bootstrap-dropdown.js?body=1" for 127.0.0.1 at 2012-09-11 15:19:32 -0300
Served asset /twitter/bootstrap/bootstrap-dropdown.js - 200 OK (2ms)


Started GET "/assets/twitter/bootstrap/bootstrap-scrollspy.js?body=1" for 127.0.0.1 at 2012-09-11 15:19:32 -0300
Served asset /twitter/bootstrap/bootstrap-scrollspy.js - 200 OK (2ms)


Started GET "/assets/twitter/bootstrap/bootstrap-tooltip.js?body=1" for 127.0.0.1 at 2012-09-11 15:19:32 -0300
Served asset /twitter/bootstrap/bootstrap-tooltip.js - 200 OK (2ms)


Started GET "/assets/twitter/bootstrap/bootstrap-popover.js?body=1" for 127.0.0.1 at 2012-09-11 15:19:32 -0300
Served asset /twitter/bootstrap/bootstrap-popover.js - 200 OK (2ms)


Started GET "/assets/twitter/bootstrap/bootstrap-collapse.js?body=1" for 127.0.0.1 at 2012-09-11 15:19:32 -0300
Served asset /twitter/bootstrap/bootstrap-collapse.js - 200 OK (23ms)


Started GET "/assets/twitter/bootstrap/bootstrap-button.js?body=1" for 127.0.0.1 at 2012-09-11 15:19:32 -0300
Served asset /twitter/bootstrap/bootstrap-button.js - 200 OK (2ms)


Started GET "/assets/twitter/bootstrap/bootstrap-carousel.js?body=1" for 127.0.0.1 at 2012-09-11 15:19:32 -0300
Served asset /twitter/bootstrap/bootstrap-carousel.js - 200 OK (2ms)


Started GET "/assets/twitter/bootstrap/bootstrap-typeahead.js?body=1" for 127.0.0.1 at 2012-09-11 15:19:32 -0300
Served asset /twitter/bootstrap/bootstrap-typeahead.js - 200 OK (2ms)


Started GET "/assets/twitter/bootstrap/bootstrap-affix.js?body=1" for 127.0.0.1 at 2012-09-11 15:19:32 -0300
Served asset /twitter/bootstrap/bootstrap-affix.js - 200 OK (2ms)


Started GET "/assets/twitter/bootstrap.js?body=1" for 127.0.0.1 at 2012-09-11 15:19:32 -0300
Served asset /twitter/bootstrap.js - 200 OK (10ms)


Started GET "/assets/bootstrap.js?body=1" for 127.0.0.1 at 2012-09-11 15:19:32 -0300
Served asset /bootstrap.js - 200 OK (1ms)


Started GET "/assets/clients.js?body=1" for 127.0.0.1 at 2012-09-11 15:19:32 -0300
Served asset /clients.js - 200 OK (1ms)


Started GET "/assets/login.js?body=1" for 127.0.0.1 at 2012-09-11 15:19:32 -0300
Served asset /login.js - 200 OK (1ms)


Started GET "/assets/application.js?body=1" for 127.0.0.1 at 2012-09-11 15:19:32 -0300
Served asset /application.js - 200 OK (14ms)


Started GET "/assets/fontawesome-webfont.eot" for 127.0.0.1 at 2012-09-11 15:19:33 -0300
Served asset /fontawesome-webfont.eot - 200 OK (20ms)


Started GET "/assets/fontawesome-webfont.woff" for 127.0.0.1 at 2012-09-11 15:19:33 -0300
Served asset /fontawesome-webfont.woff - 200 OK (15ms)


Started GET "/clients/new" for 127.0.0.1 at 2012-09-11 15:19:39 -0300
Processing by ClientsController#new as HTML
  Rendered clients/_form.html.erb (2.3ms)
  Rendered clients/new.html.erb within layouts/application (53.8ms)
Completed 200 OK in 83ms (Views: 82.8ms | ActiveRecord: 0.0ms)


Started GET "/assets/application.css?body=1" for 127.0.0.1 at 2012-09-11 15:19:39 -0300
Served asset /application.css - 200 OK (0ms)


Started GET "/assets/clients.css?body=1" for 127.0.0.1 at 2012-09-11 15:19:39 -0300
Served asset /clients.css - 200 OK (0ms)


Started GET "/assets/bootstrap_and_overrides.css?body=1" for 127.0.0.1 at 2012-09-11 15:19:39 -0300
Served asset /bootstrap_and_overrides.css - 200 OK (0ms)


Started GET "/assets/jquery.js?body=1" for 127.0.0.1 at 2012-09-11 15:19:39 -0300
Served asset /jquery.js - 200 OK (1ms)


Started GET "/assets/scaffolds.css?body=1" for 127.0.0.1 at 2012-09-11 15:19:39 -0300
Served asset /scaffolds.css - 200 OK (0ms)


Started GET "/assets/login.css?body=1" for 127.0.0.1 at 2012-09-11 15:19:39 -0300
Served asset /login.css - 200 OK (0ms)


Started GET "/assets/twitter/bootstrap/bootstrap-transition.js?body=1" for 127.0.0.1 at 2012-09-11 15:19:39 -0300
Served asset /twitter/bootstrap/bootstrap-transition.js - 200 OK (0ms)


Started GET "/assets/twitter/bootstrap/bootstrap-alert.js?body=1" for 127.0.0.1 at 2012-09-11 15:19:39 -0300
Served asset /twitter/bootstrap/bootstrap-alert.js - 200 OK (0ms)


Started GET "/assets/jquery_ujs.js?body=1" for 127.0.0.1 at 2012-09-11 15:19:39 -0300
Served asset /jquery_ujs.js - 200 OK (0ms)


Started GET "/assets/twitter/bootstrap/bootstrap-dropdown.js?body=1" for 127.0.0.1 at 2012-09-11 15:19:39 -0300
Served asset /twitter/bootstrap/bootstrap-dropdown.js - 200 OK (0ms)


Started GET "/assets/twitter/bootstrap/bootstrap-modal.js?body=1" for 127.0.0.1 at 2012-09-11 15:19:39 -0300
Served asset /twitter/bootstrap/bootstrap-modal.js - 200 OK (0ms)


Started GET "/assets/twitter/bootstrap/bootstrap-scrollspy.js?body=1" for 127.0.0.1 at 2012-09-11 15:19:39 -0300
Served asset /twitter/bootstrap/bootstrap-scrollspy.js - 200 OK (0ms)


Started GET "/assets/twitter/bootstrap/bootstrap-tooltip.js?body=1" for 127.0.0.1 at 2012-09-11 15:19:39 -0300
Served asset /twitter/bootstrap/bootstrap-tooltip.js - 200 OK (0ms)


Started GET "/assets/twitter/bootstrap/bootstrap-tab.js?body=1" for 127.0.0.1 at 2012-09-11 15:19:39 -0300
Served asset /twitter/bootstrap/bootstrap-tab.js - 200 OK (0ms)


Started GET "/assets/twitter/bootstrap/bootstrap-popover.js?body=1" for 127.0.0.1 at 2012-09-11 15:19:39 -0300
Served asset /twitter/bootstrap/bootstrap-popover.js - 200 OK (0ms)


Started GET "/assets/twitter/bootstrap/bootstrap-typeahead.js?body=1" for 127.0.0.1 at 2012-09-11 15:19:39 -0300
Served asset /twitter/bootstrap/bootstrap-typeahead.js - 200 OK (0ms)


Started GET "/assets/twitter/bootstrap/bootstrap-affix.js?body=1" for 127.0.0.1 at 2012-09-11 15:19:39 -0300
Served asset /twitter/bootstrap/bootstrap-affix.js - 200 OK (0ms)


Started GET "/assets/twitter/bootstrap/bootstrap-collapse.js?body=1" for 127.0.0.1 at 2012-09-11 15:19:39 -0300
Served asset /twitter/bootstrap/bootstrap-collapse.js - 200 OK (0ms)


Started GET "/assets/twitter/bootstrap/bootstrap-button.js?body=1" for 127.0.0.1 at 2012-09-11 15:19:39 -0300
Served asset /twitter/bootstrap/bootstrap-button.js - 200 OK (0ms)


Started GET "/assets/twitter/bootstrap/bootstrap-carousel.js?body=1" for 127.0.0.1 at 2012-09-11 15:19:39 -0300
Served asset /twitter/bootstrap/bootstrap-carousel.js - 200 OK (0ms)


Started GET "/assets/twitter/bootstrap.js?body=1" for 127.0.0.1 at 2012-09-11 15:19:39 -0300
Served asset /twitter/bootstrap.js - 200 OK (1ms)


Started GET "/assets/application.js?body=1" for 127.0.0.1 at 2012-09-11 15:19:39 -0300
Served asset /application.js - 200 OK (2ms)


Started GET "/assets/bootstrap.js?body=1" for 127.0.0.1 at 2012-09-11 15:19:39 -0300
Served asset /bootstrap.js - 200 OK (0ms)


Started GET "/assets/clients.js?body=1" for 127.0.0.1 at 2012-09-11 15:19:39 -0300
Served asset /clients.js - 200 OK (0ms)


Started GET "/assets/login.js?body=1" for 127.0.0.1 at 2012-09-11 15:19:39 -0300
Served asset /login.js - 200 OK (0ms)


Started GET "/assets/fontawesome-webfont.eot" for 127.0.0.1 at 2012-09-11 15:19:39 -0300
Served asset /fontawesome-webfont.eot - 200 OK (0ms)


Started GET "/assets/fontawesome-webfont.woff" for 127.0.0.1 at 2012-09-11 15:19:39 -0300
Served asset /fontawesome-webfont.woff - 200 OK (0ms)
Connecting to database specified by database.yml
